Turning on lights...
Reading moisture in plant: 0 ...
        reading= 150
** VALUE BELOW THRESHOLD **
Moving to box...
        In move_to: Starting movement, time to complete: 60.0
        In move_to: Stopped movement
        In move_to: Starting movement, time to complete: 60.0
        In move_to: Stopped movement
Pushing fluid to box...
Reading moisture in plant: 1 ...
        reading= 150
** VALUE BELOW THRESHOLD **
Moving to box...
        In move_to: Starting movement, time to complete: 310.0
        In move_to: Stopped movement
        In move_to: Starting movement, time to complete: 60.0
        In move_to: Stopped movement
Pushing fluid to box...
Reading moisture in plant: 2 ...
        reading= 150
** VALUE BELOW THRESHOLD **
Moving to box...
        In move_to: Starting movement, time to complete: 60.0
        In move_to: Stopped movement
        In move_to: Starting movement, time to complete: 310.0
        In move_to: Stopped movement
Pushing fluid to box...
Checked each box, entering cool-down.
Reading moisture in plant: 0 ...
        reading= 150
** VALUE BELOW THRESHOLD **
Moving to box...
        In move_to: Starting movement, time to complete: 60.0
        In move_to: Stopped movement
        In move_to: Starting movement, time to complete: 60.0
        In move_to: Stopped movement
Pushing fluid to box...
Reading moisture in plant: 1 ...
        reading= 150
** VALUE BELOW THRESHOLD **
Moving to box...
        In move_to: Starting movement, time to complete: 310.0
        In move_to: Stopped movement
        In move_to: Starting movement, time to complete: 60.0
        In move_to: Stopped movement
Pushing fluid to box...
Reading moisture in plant: 2 ...
        reading= 150
** VALUE BELOW THRESHOLD **
Moving to box...
        In move_to: Starting movement, time to complete: 60.0
        In move_to: Stopped movement
        In move_to: Starting movement, time to complete: 310.0
        In move_to: Stopped movement
Pushing fluid to box...
Checked each box, entering cool-down.
Reading moisture in plant: 0 ...
        reading= 150
** VALUE BELOW THRESHOLD **
Moving to box...
        In move_to: Starting movement, time to complete: 60.0
        In move_to: Stopped movement
        In move_to: Starting movement, time to complete: 60.0
        In move_to: Stopped movement
Pushing fluid to box...
Reading moisture in plant: 1 ...
        reading= 150
** VALUE BELOW THRESHOLD **
Moving to box...
        In move_to: Starting movement, time to complete: 310.0
Lighting dark cycle.
        In move_to: Stopped movement
        In move_to: Starting movement, time to complete: 60.0
        In move_to: Stopped movement
Pushing fluid to box...
^CReading moisture in plant: 2 ...
        reading= 150
** VALUE BELOW THRESHOLD **
Moving to box...
        In move_to: Starting movement, time to complete: 60.0
        In move_to: Stopped movement
        In move_to: Starting movement, time to complete: 310.0
        In move_to: Stopped movement
Pushing fluid to box...
^CChecked each box, entering cool-down.
^C

Exiting...
